0 info it worked if it ends with ok
1 verbose cli [ 'C:\\Program Files\\nodejs\\node.exe',
1 verbose cli   'C:\\Program Files\\nodejs\\node_modules\\npm\\bin\\npm-cli.js',
1 verbose cli   'start' ]
2 info using npm@3.10.3
3 info using node@v6.3.0
4 verbose run-script [ 'prestart', 'start', 'poststart' ]
5 info lifecycle storybooks@1.0.0~prestart: storybooks@1.0.0
6 silly lifecycle storybooks@1.0.0~prestart: no script for prestart, continuing
7 info lifecycle storybooks@1.0.0~start: storybooks@1.0.0
8 verbose lifecycle storybooks@1.0.0~start: unsafe-perm in lifecycle true
9 verbose lifecycle storybooks@1.0.0~start: PATH: C:\Users\Dan D\AppData\Roaming\nvm\v6.3.0\node_modules\npm\bin\node-gyp-bin;C:\Dev\Projects\Storybooks\node_modules\.bin;C:\Program Files\nodejs;C:\Dev\RailsInstaller\Git\mingw64\bin;C:\Dev\RailsInstaller\Git\usr\bin;C:\Users\Dan D\bin;C:\Dev\Python36\Scripts;C:\Dev\Python36;C:\ProgramData\Oracle\Java\javapath;C:\Program Files\Common Files\Microsoft Shared\Windows Live;C:\Program Files (x86)\Common Files\Microsoft Shared\Windows Live;C:\WINDOWS\system32;C:\WINDOWS;C:\WINDOWS\System32\Wbem;C:\WINDOWS\System32\WindowsPowerShell\v1.0;C:\Program Files\Intel\WiFi\bin;C:\Program Files\Common Files\Intel\WirelessCommon;C:\Program Files (x86)\Common Files\Roxio Shared\DLLShared;C:\Program Files (x86)\Common Files\Roxio Shared\OEM\DLLShared;C:\Program Files (x86)\Common Files\Roxio Shared\OEM\12.0\DLLShared;C:\Program Files (x86)\Roxio\OEM\AudioCore;C:\Program Files (x86)\Windows Live\Shared;C:\Program Files (x86)\Common Files\Adobe\AGL;C:\Projects\CMake 2.8\bin;C:\Program Files (x86)\GitExtensions;C:\Users\Dan D\.dnx\bin;C:\Program Files\Microsoft DNX\Dnvm;C:\Program Files (x86)\QuickTime\QTSystem;C:\Program Files (x86)\WinMerge;C:\ProgramData\chocolatey\bin;C:\Program Files (x86)\Windows Kits\10\Windows Performance Toolkit;C:\Users\Dan D\AppData\Roaming\nvm;C:\Program Files\nodejs;C:\WINDOWS\system32;C:\WINDOWS;C:\WINDOWS\System32\Wbem;C:\WINDOWS\System32\WindowsPowerShell\v1.0;C:\Dev\nodejs;C:\Program Files (x86)\Brackets\command;C:\Program Files\PuTTY;C:\Dev\RailsInstaller\Git\cmd;C:\Dev\RailsInstaller\Git\mingw64\bin;C:\Dev\RailsInstaller\Git\usr\bin;C:\dev\RailsInstaller\Git\cmd;C:\dev\RailsInstaller\Ruby2.1.0\bin;C:\Dev\phantomjs-2.0.0-windows\bin;C:\Users\Dan D\AppData\Local\atom\bin;C:\Users\Dan D\AppData\Roaming\nvm;C:\Program Files\nodejs;C:\Users\Dan D\AppData\Local\Microsoft\WindowsApps;C:\Users\Dan D\AppData\Roaming\npm;C:\Dev\Microsoft VS Code\bin;C:\Program Files\Heroku\bin
10 verbose lifecycle storybooks@1.0.0~start: CWD: C:\Dev\Projects\Storybooks
11 silly lifecycle storybooks@1.0.0~start: Args: [ '/d /s /c', 'node app.js' ]
12 silly lifecycle storybooks@1.0.0~start: Returned: code: 1  signal: null
13 info lifecycle storybooks@1.0.0~start: Failed to exec start script
14 verbose stack Error: storybooks@1.0.0 start: `node app.js`
14 verbose stack Exit status 1
14 verbose stack     at EventEmitter.<anonymous> (C:\Users\Dan D\AppData\Roaming\nvm\v6.3.0\node_modules\npm\lib\utils\lifecycle.js:242:16)
14 verbose stack     at emitTwo (events.js:106:13)
14 verbose stack     at EventEmitter.emit (events.js:191:7)
14 verbose stack     at ChildProcess.<anonymous> (C:\Users\Dan D\AppData\Roaming\nvm\v6.3.0\node_modules\npm\lib\utils\spawn.js:40:14)
14 verbose stack     at emitTwo (events.js:106:13)
14 verbose stack     at ChildProcess.emit (events.js:191:7)
14 verbose stack     at maybeClose (internal/child_process.js:852:16)
14 verbose stack     at Process.ChildProcess._handle.onexit (internal/child_process.js:215:5)
15 verbose pkgid storybooks@1.0.0
16 verbose cwd C:\Dev\Projects\Storybooks
17 error Windows_NT 10.0.16299
18 error argv "C:\\Program Files\\nodejs\\node.exe" "C:\\Program Files\\nodejs\\node_modules\\npm\\bin\\npm-cli.js" "start"
19 error node v6.3.0
20 error npm  v3.10.3
21 error code ELIFECYCLE
22 error storybooks@1.0.0 start: `node app.js`
22 error Exit status 1
23 error Failed at the storybooks@1.0.0 start script 'node app.js'.
23 error Make sure you have the latest version of node.js and npm installed.
23 error If you do, this is most likely a problem with the storybooks package,
23 error not with npm itself.
23 error Tell the author that this fails on your system:
23 error     node app.js
23 error You can get information on how to open an issue for this project with:
23 error     npm bugs storybooks
23 error Or if that isn't available, you can get their info via:
23 error     npm owner ls storybooks
23 error There is likely additional logging output above.
24 verbose exit [ 1, true ]
